[23-Apr-2020 15:14:11 UTC] PHP Fatal error:  Uncaught ArgumentCountError: Too few arguments to function greet(), 1 passed in /Users/CreativeWavelength/Local Sites/podcastwebsite/app/public/wp-content/themes/Podcast2020/index.php on line 7 and exactly 2 expected in /Users/CreativeWavelength/Local Sites/podcastwebsite/app/public/wp-content/themes/Podcast2020/index.php:2
Stack trace:
#0 /Users/CreativeWavelength/Local Sites/podcastwebsite/app/public/wp-content/themes/Podcast2020/index.php(7): greet('John')
#1 /Users/CreativeWavelength/Local Sites/podcastwebsite/app/public/wp-includes/template-loader.php(106): include('/Users/Creative...')
#2 /Users/CreativeWavelength/Local Sites/podcastwebsite/app/public/wp-blog-header.php(19): require_once('/Users/Creative...')
#3 /Users/CreativeWavelength/Local Sites/podcastwebsite/app/public/index.php(17): require('/Users/Creative...')
#4 {main}
  thrown in /Users/CreativeWavelength/Local Sites/podcastwebsite/app/public/wp-content/themes/Podcast2020/index.php on line 2
[23-Apr-2020 15:14:12 UTC] PHP Fatal error:  Uncaught ArgumentCountError: Too few arguments to function greet(), 1 passed in /Users/CreativeWavelength/Local Sites/podcastwebsite/app/public/wp-content/themes/Podcast2020/index.php on line 7 and exactly 2 expected in /Users/CreativeWavelength/Local Sites/podcastwebsite/app/public/wp-content/themes/Podcast2020/index.php:2
Stack trace:
#0 /Users/CreativeWavelength/Local Sites/podcastwebsite/app/public/wp-content/themes/Podcast2020/index.php(7): greet('John')
#1 /Users/CreativeWavelength/Local Sites/podcastwebsite/app/public/wp-includes/template-loader.php(106): include('/Users/Creative...')
#2 /Users/CreativeWavelength/Local Sites/podcastwebsite/app/public/wp-blog-header.php(19): require_once('/Users/Creative...')
#3 /Users/CreativeWavelength/Local Sites/podcastwebsite/app/public/index.php(17): require('/Users/Creative...')
#4 {main}
  thrown in /Users/CreativeWavelength/Local Sites/podcastwebsite/app/public/wp-content/themes/Podcast2020/index.php on line 2
[23-Apr-2020 20:25:28 UTC] PHP Parse error:  syntax error, unexpected '$count' (T_VARIABLE), expecting ',' or ';' in /Users/CreativeWavelength/Local Sites/podcastwebsite/app/public/wp-content/themes/Podcast2020/index.php on line 8
[23-Apr-2020 20:25:51 UTC] PHP Parse error:  syntax error, unexpected '$count' (T_VARIABLE), expecting ',' or ';' in /Users/CreativeWavelength/Local Sites/podcastwebsite/app/public/wp-content/themes/Podcast2020/index.php on line 8
[24-Apr-2020 13:14:55 UTC] PHP Parse error:  syntax error, unexpected end of file in /Users/CreativeWavelength/Local Sites/podcastwebsite/app/public/wp-content/themes/Podcast2020/index.php on line 10
[25-Apr-2020 15:40:55 UTC] PHP Fatal error:  Uncaught ArgumentCountError: Too few arguments to function wp_enqueue_style(), 0 passed in /Users/CreativeWavelength/Local Sites/podcastwebsite/app/public/wp-content/themes/Podcast2020/header.php on line 3 and at least 1 expected in /Users/CreativeWavelength/Local Sites/podcastwebsite/app/public/wp-includes/functions.wp-styles.php:170
Stack trace:
#0 /Users/CreativeWavelength/Local Sites/podcastwebsite/app/public/wp-content/themes/Podcast2020/header.php(3): wp_enqueue_style()
#1 /Users/CreativeWavelength/Local Sites/podcastwebsite/app/public/wp-includes/template.php(723): require_once('/Users/Creative...')
#2 /Users/CreativeWavelength/Local Sites/podcastwebsite/app/public/wp-includes/template.php(672): load_template('/Users/Creative...', true)
#3 /Users/CreativeWavelength/Local Sites/podcastwebsite/app/public/wp-includes/general-template.php(41): locate_template(Array, true)
#4 /Users/CreativeWavelength/Local Sites/podcastwebsite/app/public/wp-content/themes/Podcast2020/index.php(3): get_header()
#5 /Users/Cr in /Users/CreativeWavelength/Local Sites/podcastwebsite/app/public/wp-includes/functions.wp-styles.php on line 170
[25-Apr-2020 18:57:44 UTC] PHP Parse error:  syntax error, unexpected 'wp_enqueue_style' (T_STRING) in /Users/CreativeWavelength/Local Sites/podcastwebsite/app/public/wp-content/themes/Podcast2020/functions.php on line 5
[30-Apr-2020 17:16:00 UTC] PHP Parse error:  syntax error, unexpected ';', expecting ')' in /Users/CreativeWavelength/Local Sites/podcastwebsite/app/public/wp-content/themes/Podcast2020/functions.php on line 4
[30-Apr-2020 17:40:11 UTC] PHP Parse error:  syntax error, unexpected '<', expecting end of file in /Users/CreativeWavelength/Local Sites/podcastwebsite/app/public/wp-content/themes/Podcast2020/index.php on line 3
[30-Apr-2020 20:35:10 UTC] PHP Parse error:  syntax error, unexpected '?>', expecting ')' in /Users/CreativeWavelength/Local Sites/podcastwebsite/app/public/wp-content/themes/Podcast2020/page.php on line 11
[30-Apr-2020 20:35:24 UTC] PHP Fatal error:  Uncaught Error: Call to undefined function get_theme_files_uri() in /Users/CreativeWavelength/Local Sites/podcastwebsite/app/public/wp-content/themes/Podcast2020/page.php:11
Stack trace:
#0 /Users/CreativeWavelength/Local Sites/podcastwebsite/app/public/wp-includes/template-loader.php(106): include()
#1 /Users/CreativeWavelength/Local Sites/podcastwebsite/app/public/wp-blog-header.php(19): require_once('/Users/Creative...')
#2 /Users/CreativeWavelength/Local Sites/podcastwebsite/app/public/index.php(17): require('/Users/Creative...')
#3 {main}
  thrown in /Users/CreativeWavelength/Local Sites/podcastwebsite/app/public/wp-content/themes/Podcast2020/page.php on line 11
[30-Apr-2020 20:47:59 UTC] PHP Fatal error:  Uncaught Error: Call to undefined function get_theme_files_uri() in /Users/CreativeWavelength/Local Sites/podcastwebsite/app/public/wp-content/themes/Podcast2020/page.php:11
Stack trace:
#0 /Users/CreativeWavelength/Local Sites/podcastwebsite/app/public/wp-includes/template-loader.php(106): include()
#1 /Users/CreativeWavelength/Local Sites/podcastwebsite/app/public/wp-blog-header.php(19): require_once('/Users/Creative...')
#2 /Users/CreativeWavelength/Local Sites/podcastwebsite/app/public/index.php(17): require('/Users/Creative...')
#3 {main}
  thrown in /Users/CreativeWavelength/Local Sites/podcastwebsite/app/public/wp-content/themes/Podcast2020/page.php on line 11
[30-Apr-2020 20:48:05 UTC] PHP Fatal error:  Uncaught Error: Call to undefined function get_theme_files_uri() in /Users/CreativeWavelength/Local Sites/podcastwebsite/app/public/wp-content/themes/Podcast2020/page.php:11
Stack trace:
#0 /Users/CreativeWavelength/Local Sites/podcastwebsite/app/public/wp-includes/template-loader.php(106): include()
#1 /Users/CreativeWavelength/Local Sites/podcastwebsite/app/public/wp-blog-header.php(19): require_once('/Users/Creative...')
#2 /Users/CreativeWavelength/Local Sites/podcastwebsite/app/public/index.php(17): require('/Users/Creative...')
#3 {main}
  thrown in /Users/CreativeWavelength/Local Sites/podcastwebsite/app/public/wp-content/themes/Podcast2020/page.php on line 11
[01-May-2020 13:30:22 UTC] PHP Fatal error:  Uncaught ArgumentCountError: Too few arguments to function wp_get_post_parent_id(), 0 passed in /Users/CreativeWavelength/Local Sites/podcastwebsite/app/public/wp-content/themes/Podcast2020/page.php on line 23 and exactly 1 expected in /Users/CreativeWavelength/Local Sites/podcastwebsite/app/public/wp-includes/post.php:6876
Stack trace:
#0 /Users/CreativeWavelength/Local Sites/podcastwebsite/app/public/wp-content/themes/Podcast2020/page.php(23): wp_get_post_parent_id()
#1 /Users/CreativeWavelength/Local Sites/podcastwebsite/app/public/wp-includes/template-loader.php(106): include('/Users/Creative...')
#2 /Users/CreativeWavelength/Local Sites/podcastwebsite/app/public/wp-blog-header.php(19): require_once('/Users/Creative...')
#3 /Users/CreativeWavelength/Local Sites/podcastwebsite/app/public/index.php(17): require('/Users/Creative...')
#4 {main}
  thrown in /Users/CreativeWavelength/Local Sites/podcastwebsite/app/public/wp-includes/post.php on line 6876
[01-May-2020 13:37:44 UTC] PHP Fatal error:  Uncaught ArgumentCountError: Too few arguments to function wp_get_post_parent_id(), 0 passed in /Users/CreativeWavelength/Local Sites/podcastwebsite/app/public/wp-content/themes/Podcast2020/page.php on line 23 and exactly 1 expected in /Users/CreativeWavelength/Local Sites/podcastwebsite/app/public/wp-includes/post.php:6876
Stack trace:
#0 /Users/CreativeWavelength/Local Sites/podcastwebsite/app/public/wp-content/themes/Podcast2020/page.php(23): wp_get_post_parent_id()
#1 /Users/CreativeWavelength/Local Sites/podcastwebsite/app/public/wp-includes/template-loader.php(106): include('/Users/Creative...')
#2 /Users/CreativeWavelength/Local Sites/podcastwebsite/app/public/wp-blog-header.php(19): require_once('/Users/Creative...')
#3 /Users/CreativeWavelength/Local Sites/podcastwebsite/app/public/index.php(17): require('/Users/Creative...')
#4 {main}
  thrown in /Users/CreativeWavelength/Local Sites/podcastwebsite/app/public/wp-includes/post.php on line 6876
[01-May-2020 13:37:45 UTC] PHP Fatal error:  Uncaught ArgumentCountError: Too few arguments to function wp_get_post_parent_id(), 0 passed in /Users/CreativeWavelength/Local Sites/podcastwebsite/app/public/wp-content/themes/Podcast2020/page.php on line 23 and exactly 1 expected in /Users/CreativeWavelength/Local Sites/podcastwebsite/app/public/wp-includes/post.php:6876
Stack trace:
#0 /Users/CreativeWavelength/Local Sites/podcastwebsite/app/public/wp-content/themes/Podcast2020/page.php(23): wp_get_post_parent_id()
#1 /Users/CreativeWavelength/Local Sites/podcastwebsite/app/public/wp-includes/template-loader.php(106): include('/Users/Creative...')
#2 /Users/CreativeWavelength/Local Sites/podcastwebsite/app/public/wp-blog-header.php(19): require_once('/Users/Creative...')
#3 /Users/CreativeWavelength/Local Sites/podcastwebsite/app/public/index.php(17): require('/Users/Creative...')
#4 {main}
  thrown in /Users/CreativeWavelength/Local Sites/podcastwebsite/app/public/wp-includes/post.php on line 6876
[03-May-2020 15:32:58 UTC] PHP Parse error:  syntax error, unexpected ';', expecting ')' in /Users/CreativeWavelength/Local Sites/podcastwebsite/app/public/wp-content/themes/Podcast2020/page.php on line 36
[03-May-2020 15:33:09 UTC] PHP Parse error:  syntax error, unexpected 'if' (T_IF) in /Users/CreativeWavelength/Local Sites/podcastwebsite/app/public/wp-content/themes/Podcast2020/page.php on line 39
[03-May-2020 22:15:24 UTC] PHP Parse error:  syntax error, unexpected 'echo' (T_ECHO) in /Users/CreativeWavelength/Local Sites/podcastwebsite/app/public/wp-content/themes/Podcast2020/header.php on line 26
[03-May-2020 22:15:46 UTC] PHP Parse error:  syntax error, unexpected 'echo' (T_ECHO) in /Users/CreativeWavelength/Local Sites/podcastwebsite/app/public/wp-content/themes/Podcast2020/header.php on line 26
[04-May-2020 11:27:54 UTC] PHP Parse error:  syntax error, unexpected 'echo' (T_ECHO) in /Users/CreativeWavelength/Local Sites/podcastwebsite/app/public/wp-content/themes/Podcast2020/header.php on line 26
[04-May-2020 11:29:16 UTC] PHP Parse error:  syntax error, unexpected 'echo' (T_ECHO) in /Users/CreativeWavelength/Local Sites/podcastwebsite/app/public/wp-content/themes/Podcast2020/header.php on line 26
[04-May-2020 11:49:44 UTC] PHP Parse error:  syntax error, unexpected ';' in /Users/CreativeWavelength/Local Sites/podcastwebsite/app/public/wp-content/themes/Podcast2020/index.php on line 17
[04-May-2020 11:50:02 UTC] PHP Parse error:  syntax error, unexpected ';' in /Users/CreativeWavelength/Local Sites/podcastwebsite/app/public/wp-content/themes/Podcast2020/index.php on line 17
[04-May-2020 11:50:11 UTC] PHP Parse error:  syntax error, unexpected '?>' in /Users/CreativeWavelength/Local Sites/podcastwebsite/app/public/wp-content/themes/Podcast2020/index.php on line 17
[04-May-2020 12:08:00 UTC] PHP Parse error:  syntax error, unexpected '<' in /Users/CreativeWavelength/Local Sites/podcastwebsite/app/public/wp-content/themes/Podcast2020/index.php on line 27
[04-May-2020 12:12:03 UTC] PHP Parse error:  syntax error, unexpected '4.5' (T_DNUMBER) in /Users/CreativeWavelength/Local Sites/podcastwebsite/app/public/wp-content/themes/Podcast2020/index.php on line 22
[04-May-2020 12:54:09 UTC] PHP Parse error:  syntax error, unexpected '}', expecting end of file in /Users/CreativeWavelength/Local Sites/podcastwebsite/app/public/wp-content/themes/Podcast2020/single.php on line 30
[04-May-2020 14:35:01 UTC] PHP Warning:  Use of undefined constant is_category - assumed 'is_category' (this will throw an Error in a future version of PHP) in /Users/CreativeWavelength/Local Sites/podcastwebsite/app/public/wp-content/themes/Podcast2020/archive.php on line 9
[04-May-2020 14:35:01 UTC] PHP Stack trace:
[04-May-2020 14:35:01 UTC] PHP   1. {main}() /Users/CreativeWavelength/Local Sites/podcastwebsite/app/public/index.php:0
[04-May-2020 14:35:01 UTC] PHP   2. require() /Users/CreativeWavelength/Local Sites/podcastwebsite/app/public/index.php:17
[04-May-2020 14:35:01 UTC] PHP   3. require_once() /Users/CreativeWavelength/Local Sites/podcastwebsite/app/public/wp-blog-header.php:19
[04-May-2020 14:35:01 UTC] PHP   4. include() /Users/CreativeWavelength/Local Sites/podcastwebsite/app/public/wp-includes/template-loader.php:106
[04-May-2020 14:39:54 UTC] PHP Warning:  Use of undefined constant the_archive_description - assumed 'the_archive_description' (this will throw an Error in a future version of PHP) in /Users/CreativeWavelength/Local Sites/podcastwebsite/app/public/wp-content/themes/Podcast2020/archive.php on line 9
[04-May-2020 14:39:54 UTC] PHP Stack trace:
[04-May-2020 14:39:54 UTC] PHP   1. {main}() /Users/CreativeWavelength/Local Sites/podcastwebsite/app/public/index.php:0
[04-May-2020 14:39:54 UTC] PHP   2. require() /Users/CreativeWavelength/Local Sites/podcastwebsite/app/public/index.php:17
[04-May-2020 14:39:54 UTC] PHP   3. require_once() /Users/CreativeWavelength/Local Sites/podcastwebsite/app/public/wp-blog-header.php:19
[04-May-2020 14:39:54 UTC] PHP   4. include() /Users/CreativeWavelength/Local Sites/podcastwebsite/app/public/wp-includes/template-loader.php:106
[04-May-2020 15:22:18 UTC] PHP Parse error:  syntax error, unexpected end of file in /Users/CreativeWavelength/Local Sites/podcastwebsite/app/public/wp-content/themes/Podcast2020/front-page.php on line 117
[04-May-2020 17:08:19 UTC] PHP Warning:  Use of undefined constant the_permalink - assumed 'the_permalink' (this will throw an Error in a future version of PHP) in /Users/CreativeWavelength/Local Sites/podcastwebsite/app/public/wp-content/themes/Podcast2020/front-page.php on line 66
[04-May-2020 17:08:19 UTC] PHP Stack trace:
[04-May-2020 17:08:19 UTC] PHP   1. {main}() /Users/CreativeWavelength/Local Sites/podcastwebsite/app/public/index.php:0
[04-May-2020 17:08:19 UTC] PHP   2. require() /Users/CreativeWavelength/Local Sites/podcastwebsite/app/public/index.php:17
[04-May-2020 17:08:19 UTC] PHP   3. require_once() /Users/CreativeWavelength/Local Sites/podcastwebsite/app/public/wp-blog-header.php:19
[04-May-2020 17:08:19 UTC] PHP   4. include() /Users/CreativeWavelength/Local Sites/podcastwebsite/app/public/wp-includes/template-loader.php:106
[04-May-2020 17:08:19 UTC] PHP Warning:  Use of undefined constant the_permalink - assumed 'the_permalink' (this will throw an Error in a future version of PHP) in /Users/CreativeWavelength/Local Sites/podcastwebsite/app/public/wp-content/themes/Podcast2020/front-page.php on line 66
[04-May-2020 17:08:19 UTC] PHP Stack trace:
[04-May-2020 17:08:19 UTC] PHP   1. {main}() /Users/CreativeWavelength/Local Sites/podcastwebsite/app/public/index.php:0
[04-May-2020 17:08:19 UTC] PHP   2. require() /Users/CreativeWavelength/Local Sites/podcastwebsite/app/public/index.php:17
[04-May-2020 17:08:19 UTC] PHP   3. require_once() /Users/CreativeWavelength/Local Sites/podcastwebsite/app/public/wp-blog-header.php:19
[04-May-2020 17:08:19 UTC] PHP   4. include() /Users/CreativeWavelength/Local Sites/podcastwebsite/app/public/wp-includes/template-loader.php:106
